2024-06-03 16:20:36,675 [INFO] []
2024-06-03 16:20:37,705 [INFO] [{'Delta': None, 'Theta': None, 'Alpha': None, 'Sigma': None, 'Beta': None, 'Gamma': None}]
2024-06-03 16:20:39,347 [INFO] [{'Delta': None, 'Theta': None, 'Alpha': None, 'Sigma': None, 'Beta': None, 'Gamma': None}]
2024-06-03 16:20:39,861 [INFO] [{'Delta': None, 'Theta': None, 'Alpha': None, 'Sigma': None, 'Beta': None, 'Gamma': None}]
2024-06-03 16:20:40,670 [INFO] [{'Delta': None, 'Theta': None, 'Alpha': None, 'Sigma': None, 'Beta': None, 'Gamma': None}]
2024-06-03 16:20:41,668 [INFO] [{'Delta': None, 'Theta': None, 'Alpha': None, 'Sigma': None, 'Beta': None, 'Gamma': None}]
2024-06-03 16:20:42,670 [INFO] [{'Delta': None, 'Theta': None, 'Alpha': None, 'Sigma': None, 'Beta': None, 'Gamma': None}]
2024-06-03 16:20:43,657 [INFO] [{'Delta': None, 'Theta': None, 'Alpha': None, 'Sigma': None, 'Beta': None, 'Gamma': None}, {'Delta': None, 'Theta': None, 'Alpha': None, 'Sigma': None, 'Beta': None, 'Gamma': None}]
2024-06-03 16:20:44,973 [INFO] [{'Delta': None, 'Theta': None, 'Alpha': None, 'Sigma': None, 'Beta': None, 'Gamma': None}]
2024-06-03 16:20:45,795 [INFO] [{'Delta': None, 'Theta': None, 'Alpha': None, 'Sigma': None, 'Beta': None, 'Gamma': None}]
2024-06-03 16:20:48,658 [INFO] [{'Delta': None, 'Theta': None, 'Alpha': None, 'Sigma': None, 'Beta': None, 'Gamma': None}]
2024-06-03 16:20:48,690 [INFO] [{'Delta': None, 'Theta': None, 'Alpha': None, 'Sigma': None, 'Beta': None, 'Gamma': None}]
2024-06-03 16:20:49,731 [INFO] [{'Delta': None, 'Theta': None, 'Alpha': None, 'Sigma': None, 'Beta': None, 'Gamma': None}]
2024-06-03 16:20:50,748 [INFO] [{'Delta': None, 'Theta': None, 'Alpha': None, 'Sigma': None, 'Beta': None, 'Gamma': None}]
2024-06-03 16:20:51,661 [INFO] [{'Delta': None, 'Theta': None, 'Alpha': None, 'Sigma': None, 'Beta': None, 'Gamma': None}]
2024-06-03 16:20:52,667 [INFO] [{'Delta': None, 'Theta': None, 'Alpha': None, 'Sigma': None, 'Beta': None, 'Gamma': None}]
2024-06-03 16:20:53,651 [INFO] [{'Delta': None, 'Theta': None, 'Alpha': None, 'Sigma': None, 'Beta': None, 'Gamma': None}]
2024-06-03 16:20:54,744 [INFO] [{'Delta': None, 'Theta': None, 'Alpha': None, 'Sigma': None, 'Beta': None, 'Gamma': None}]
2024-06-03 16:20:56,030 [INFO] [{'Delta': None, 'Theta': None, 'Alpha': None, 'Sigma': None, 'Beta': None, 'Gamma': None}]
2024-06-03 16:20:56,718 [INFO] [{'Delta': None, 'Theta': None, 'Alpha': None, 'Sigma': None, 'Beta': None, 'Gamma': None}]
2024-06-03 16:20:57,657 [INFO] [{'Delta': None, 'Theta': None, 'Alpha': None, 'Sigma': None, 'Beta': None, 'Gamma': None}]
2024-06-03 16:20:58,658 [INFO] [{'Delta': None, 'Theta': None, 'Alpha': None, 'Sigma': None, 'Beta': None, 'Gamma': None}]
2024-06-03 16:20:59,713 [INFO] [{'Delta': None, 'Theta': None, 'Alpha': None, 'Sigma': None, 'Beta': None, 'Gamma': None}]
2024-06-03 16:21:00,705 [INFO] [{'Delta': None, 'Theta': None, 'Alpha': None, 'Sigma': None, 'Beta': None, 'Gamma': None}]
2024-06-03 16:21:01,720 [INFO] [{'Delta': None, 'Theta': None, 'Alpha': None, 'Sigma': None, 'Beta': None, 'Gamma': None}]
2024-06-03 16:21:02,681 [INFO] [{'Delta': None, 'Theta': None, 'Alpha': None, 'Sigma': None, 'Beta': None, 'Gamma': None}]
2024-06-03 16:21:03,758 [INFO] [{'Delta': None, 'Theta': None, 'Alpha': None, 'Sigma': None, 'Beta': None, 'Gamma': None}]
2024-06-03 16:21:04,667 [INFO] [{'Delta': None, 'Theta': None, 'Alpha': None, 'Sigma': None, 'Beta': None, 'Gamma': None}]
2024-06-03 16:21:05,653 [INFO] [{'Delta': None, 'Theta': None, 'Alpha': None, 'Sigma': None, 'Beta': None, 'Gamma': None}]
2024-06-03 16:21:06,764 [INFO] [{'Delta': None, 'Theta': None, 'Alpha': None, 'Sigma': None, 'Beta': None, 'Gamma': None}]
2024-06-03 16:21:07,769 [INFO] [{'Delta': None, 'Theta': None, 'Alpha': None, 'Sigma': None, 'Beta': None, 'Gamma': None}]
2024-06-03 16:21:08,687 [INFO] [{'Delta': None, 'Theta': None, 'Alpha': None, 'Sigma': None, 'Beta': None, 'Gamma': None}]
2024-06-03 16:21:11,739 [INFO] [{'Delta': None, 'Theta': None, 'Alpha': None, 'Sigma': None, 'Beta': None, 'Gamma': None}, {'Delta': None, 'Theta': None, 'Alpha': None, 'Sigma': None, 'Beta': None, 'Gamma': None}]
2024-06-03 16:21:11,780 [INFO] [{'Delta': None, 'Theta': None, 'Alpha': None, 'Sigma': None, 'Beta': None, 'Gamma': None}]
2024-06-03 16:21:12,745 [INFO] [{'Delta': None, 'Theta': None, 'Alpha': None, 'Sigma': None, 'Beta': None, 'Gamma': None}]
2024-06-03 16:21:13,690 [INFO] [{'Delta': None, 'Theta': None, 'Alpha': None, 'Sigma': None, 'Beta': None, 'Gamma': None}]
2024-06-03 16:21:14,666 [INFO] [{'Delta': None, 'Theta': None, 'Alpha': None, 'Sigma': None, 'Beta': None, 'Gamma': None}]
2024-06-03 16:21:15,716 [INFO] [{'Delta': None, 'Theta': None, 'Alpha': None, 'Sigma': None, 'Beta': None, 'Gamma': None}]
2024-06-03 16:21:16,657 [INFO] [{'Delta': None, 'Theta': None, 'Alpha': None, 'Sigma': None, 'Beta': None, 'Gamma': None}]
2024-06-03 16:21:17,669 [INFO] [{'Delta': None, 'Theta': None, 'Alpha': None, 'Sigma': None, 'Beta': None, 'Gamma': None}]
2024-06-03 16:21:18,747 [INFO] [{'Delta': None, 'Theta': None, 'Alpha': None, 'Sigma': None, 'Beta': None, 'Gamma': None}]
2024-06-03 16:21:19,671 [INFO] [{'Delta': None, 'Theta': None, 'Alpha': None, 'Sigma': None, 'Beta': None, 'Gamma': None}]
2024-06-03 16:21:20,717 [INFO] [{'Delta': None, 'Theta': None, 'Alpha': None, 'Sigma': None, 'Beta': None, 'Gamma': None}]
2024-06-03 16:21:21,716 [INFO] [{'Delta': None, 'Theta': None, 'Alpha': None, 'Sigma': None, 'Beta': None, 'Gamma': None}]
2024-06-03 16:21:22,738 [INFO] [{'Delta': None, 'Theta': None, 'Alpha': None, 'Sigma': None, 'Beta': None, 'Gamma': None}]
2024-06-03 16:21:23,778 [INFO] [{'Delta': None, 'Theta': None, 'Alpha': None, 'Sigma': None, 'Beta': None, 'Gamma': None}]
2024-06-03 16:21:24,719 [INFO] [{'Delta': None, 'Theta': None, 'Alpha': None, 'Sigma': None, 'Beta': None, 'Gamma': None}]
2024-06-03 16:21:27,769 [INFO] [{'Delta': None, 'Theta': None, 'Alpha': None, 'Sigma': None, 'Beta': None, 'Gamma': None}]
2024-06-03 16:21:27,795 [INFO] [{'Delta': None, 'Theta': None, 'Alpha': None, 'Sigma': None, 'Beta': None, 'Gamma': None}]
2024-06-03 16:21:28,716 [INFO] [{'Delta': None, 'Theta': None, 'Alpha': None, 'Sigma': None, 'Beta': None, 'Gamma': None}]
2024-06-03 16:21:29,754 [INFO] [{'Delta': None, 'Theta': None, 'Alpha': None, 'Sigma': None, 'Beta': None, 'Gamma': None}]
2024-06-03 16:21:30,720 [INFO] [{'Delta': None, 'Theta': None, 'Alpha': None, 'Sigma': None, 'Beta': None, 'Gamma': None}]
2024-06-03 16:21:31,717 [INFO] [{'Delta': None, 'Theta': None, 'Alpha': None, 'Sigma': None, 'Beta': None, 'Gamma': None}]
2024-06-03 16:21:32,716 [INFO] [{'Delta': None, 'Theta': None, 'Alpha': None, 'Sigma': None, 'Beta': None, 'Gamma': None}]
2024-06-03 16:21:33,719 [INFO] [{'Delta': None, 'Theta': None, 'Alpha': None, 'Sigma': None, 'Beta': None, 'Gamma': None}]
2024-06-03 16:21:34,738 [INFO] [{'Delta': None, 'Theta': None, 'Alpha': None, 'Sigma': None, 'Beta': None, 'Gamma': None}]
2024-06-03 16:21:35,719 [INFO] [{'Delta': None, 'Theta': None, 'Alpha': None, 'Sigma': None, 'Beta': None, 'Gamma': None}]
2024-06-03 16:21:36,716 [INFO] [{'Delta': None, 'Theta': None, 'Alpha': None, 'Sigma': None, 'Beta': None, 'Gamma': None}, {'Delta': None, 'Theta': None, 'Alpha': None, 'Sigma': None, 'Beta': None, 'Gamma': None}]
2024-06-03 16:21:39,751 [INFO] [{'Delta': None, 'Theta': None, 'Alpha': None, 'Sigma': None, 'Beta': None, 'Gamma': None}]
2024-06-03 16:21:39,789 [INFO] [{'Delta': None, 'Theta': None, 'Alpha': None, 'Sigma': None, 'Beta': None, 'Gamma': None}]
2024-06-03 16:21:41,183 [INFO] [{'Delta': None, 'Theta': None, 'Alpha': None, 'Sigma': None, 'Beta': None, 'Gamma': None}]
2024-06-03 16:21:41,234 [INFO] [{'Delta': None, 'Theta': None, 'Alpha': None, 'Sigma': None, 'Beta': None, 'Gamma': None}]
2024-06-03 16:21:43,732 [INFO] [{'Delta': None, 'Theta': None, 'Alpha': None, 'Sigma': None, 'Beta': None, 'Gamma': None}]
2024-06-03 16:21:43,755 [INFO] [{'Delta': None, 'Theta': None, 'Alpha': None, 'Sigma': None, 'Beta': None, 'Gamma': None}]
2024-06-03 16:21:44,745 [INFO] [{'Delta': None, 'Theta': None, 'Alpha': None, 'Sigma': None, 'Beta': None, 'Gamma': None}]
2024-06-03 16:21:45,934 [INFO] [{'Delta': None, 'Theta': None, 'Alpha': None, 'Sigma': None, 'Beta': None, 'Gamma': None}]
2024-06-03 16:21:46,726 [INFO] [{'Delta': None, 'Theta': None, 'Alpha': None, 'Sigma': None, 'Beta': None, 'Gamma': None}]
2024-06-03 16:21:47,721 [INFO] [{'Delta': None, 'Theta': None, 'Alpha': None, 'Sigma': None, 'Beta': None, 'Gamma': None}]
2024-06-03 16:21:48,720 [INFO] [{'Delta': None, 'Theta': None, 'Alpha': None, 'Sigma': None, 'Beta': None, 'Gamma': None}]
2024-06-03 16:21:51,783 [INFO] [{'Delta': None, 'Theta': None, 'Alpha': None, 'Sigma': None, 'Beta': None, 'Gamma': None}]
2024-06-03 16:21:51,806 [INFO] [{'Delta': None, 'Theta': None, 'Alpha': None, 'Sigma': None, 'Beta': None, 'Gamma': None}]
2024-06-03 16:21:52,750 [INFO] [{'Delta': None, 'Theta': None, 'Alpha': None, 'Sigma': None, 'Beta': None, 'Gamma': None}]
2024-06-03 16:21:53,790 [INFO] [{'Delta': None, 'Theta': None, 'Alpha': None, 'Sigma': None, 'Beta': None, 'Gamma': None}]
2024-06-03 16:21:54,783 [INFO] [{'Delta': None, 'Theta': None, 'Alpha': None, 'Sigma': None, 'Beta': None, 'Gamma': None}]
2024-06-03 16:21:55,834 [INFO] [{'Delta': None, 'Theta': None, 'Alpha': None, 'Sigma': None, 'Beta': None, 'Gamma': None}]
2024-06-03 16:21:56,723 [INFO] [{'Delta': None, 'Theta': None, 'Alpha': None, 'Sigma': None, 'Beta': None, 'Gamma': None}]
2024-06-03 16:21:57,736 [INFO] [{'Delta': None, 'Theta': None, 'Alpha': None, 'Sigma': None, 'Beta': None, 'Gamma': None}]
2024-06-03 16:22:00,766 [INFO] [{'Delta': None, 'Theta': None, 'Alpha': None, 'Sigma': None, 'Beta': None, 'Gamma': None}]
2024-06-03 16:22:00,804 [INFO] [{'Delta': None, 'Theta': None, 'Alpha': None, 'Sigma': None, 'Beta': None, 'Gamma': None}]
2024-06-03 16:22:01,842 [INFO] [{'Delta': None, 'Theta': None, 'Alpha': None, 'Sigma': None, 'Beta': None, 'Gamma': None}]
2024-06-03 16:22:02,752 [INFO] [{'Delta': None, 'Theta': None, 'Alpha': None, 'Sigma': None, 'Beta': None, 'Gamma': None}]
2024-06-03 16:22:03,767 [INFO] [{'Delta': None, 'Theta': None, 'Alpha': None, 'Sigma': None, 'Beta': None, 'Gamma': None}]
2024-06-03 16:22:04,753 [INFO] [{'Delta': None, 'Theta': None, 'Alpha': None, 'Sigma': None, 'Beta': None, 'Gamma': None}, {'Delta': None, 'Theta': None, 'Alpha': None, 'Sigma': None, 'Beta': None, 'Gamma': None}]
2024-06-03 16:22:05,721 [INFO] [{'Delta': None, 'Theta': None, 'Alpha': None, 'Sigma': None, 'Beta': None, 'Gamma': None}]
2024-06-03 16:22:06,807 [INFO] [{'Delta': None, 'Theta': None, 'Alpha': None, 'Sigma': None, 'Beta': None, 'Gamma': None}]
2024-06-03 16:22:09,777 [INFO] [{'Delta': None, 'Theta': None, 'Alpha': None, 'Sigma': None, 'Beta': None, 'Gamma': None}]
2024-06-03 16:22:09,816 [INFO] [{'Delta': None, 'Theta': None, 'Alpha': None, 'Sigma': None, 'Beta': None, 'Gamma': None}]
2024-06-03 16:22:10,819 [INFO] [{'Delta': None, 'Theta': None, 'Alpha': None, 'Sigma': None, 'Beta': None, 'Gamma': None}]
2024-06-03 16:22:11,759 [INFO] [{'Delta': None, 'Theta': None, 'Alpha': None, 'Sigma': None, 'Beta': None, 'Gamma': None}]
2024-06-03 16:22:12,813 [INFO] [{'Delta': None, 'Theta': None, 'Alpha': None, 'Sigma': None, 'Beta': None, 'Gamma': None}]
2024-06-03 16:22:13,760 [INFO] [{'Delta': None, 'Theta': None, 'Alpha': None, 'Sigma': None, 'Beta': None, 'Gamma': None}]
2024-06-03 16:22:14,723 [INFO] [{'Delta': None, 'Theta': None, 'Alpha': None, 'Sigma': None, 'Beta': None, 'Gamma': None}]
2024-06-03 16:22:17,774 [INFO] [{'Delta': None, 'Theta': None, 'Alpha': None, 'Sigma': None, 'Beta': None, 'Gamma': None}]
2024-06-03 16:22:17,827 [INFO] [{'Delta': None, 'Theta': None, 'Alpha': None, 'Sigma': None, 'Beta': None, 'Gamma': None}]
2024-06-03 16:22:18,815 [INFO] [{'Delta': None, 'Theta': None, 'Alpha': None, 'Sigma': None, 'Beta': None, 'Gamma': None}]
2024-06-03 16:22:19,727 [INFO] [{'Delta': None, 'Theta': None, 'Alpha': None, 'Sigma': None, 'Beta': None, 'Gamma': None}]
2024-06-03 16:22:20,725 [INFO] [{'Delta': None, 'Theta': None, 'Alpha': None, 'Sigma': None, 'Beta': None, 'Gamma': None}]
2024-06-03 16:22:21,769 [INFO] [{'Delta': None, 'Theta': None, 'Alpha': None, 'Sigma': None, 'Beta': None, 'Gamma': None}]
2024-06-03 16:22:22,725 [INFO] [{'Delta': None, 'Theta': None, 'Alpha': None, 'Sigma': None, 'Beta': None, 'Gamma': None}]
2024-06-03 16:22:23,831 [INFO] [{'Delta': None, 'Theta': None, 'Alpha': None, 'Sigma': None, 'Beta': None, 'Gamma': None}]
2024-06-03 16:22:26,757 [INFO] [{'Delta': None, 'Theta': None, 'Alpha': None, 'Sigma': None, 'Beta': None, 'Gamma': None}]
2024-06-03 16:22:26,786 [INFO] [{'Delta': None, 'Theta': None, 'Alpha': None, 'Sigma': None, 'Beta': None, 'Gamma': None}]
2024-06-03 16:22:27,781 [INFO] [{'Delta': None, 'Theta': None, 'Alpha': None, 'Sigma': None, 'Beta': None, 'Gamma': None}]
2024-06-03 16:22:28,820 [INFO] [{'Delta': None, 'Theta': None, 'Alpha': None, 'Sigma': None, 'Beta': None, 'Gamma': None}]
2024-06-03 16:22:29,789 [INFO] [{'Delta': None, 'Theta': None, 'Alpha': None, 'Sigma': None, 'Beta': None, 'Gamma': None}]
2024-06-03 16:22:30,786 [INFO] [{'Delta': None, 'Theta': None, 'Alpha': None, 'Sigma': None, 'Beta': None, 'Gamma': None}]
2024-06-03 16:22:31,728 [INFO] [{'Delta': None, 'Theta': None, 'Alpha': None, 'Sigma': None, 'Beta': None, 'Gamma': None}]
2024-06-03 16:22:32,837 [INFO] [{'Delta': None, 'Theta': None, 'Alpha': None, 'Sigma': None, 'Beta': None, 'Gamma': None}, {'Delta': None, 'Theta': None, 'Alpha': None, 'Sigma': None, 'Beta': None, 'Gamma': None}]
2024-06-03 16:22:33,789 [INFO] [{'Delta': None, 'Theta': None, 'Alpha': None, 'Sigma': None, 'Beta': None, 'Gamma': None}]
2024-06-03 16:22:34,909 [INFO] [{'Delta': None, 'Theta': None, 'Alpha': None, 'Sigma': None, 'Beta': None, 'Gamma': None}]
2024-06-03 16:22:37,854 [INFO] [{'Delta': None, 'Theta': None, 'Alpha': None, 'Sigma': None, 'Beta': None, 'Gamma': None}]
2024-06-03 16:22:37,877 [INFO] [{'Delta': None, 'Theta': None, 'Alpha': None, 'Sigma': None, 'Beta': None, 'Gamma': None}]
2024-06-03 16:22:38,875 [INFO] [{'Delta': None, 'Theta': None, 'Alpha': None, 'Sigma': None, 'Beta': None, 'Gamma': None}]
2024-06-03 16:22:39,794 [INFO] [{'Delta': None, 'Theta': None, 'Alpha': None, 'Sigma': None, 'Beta': None, 'Gamma': None}]
2024-06-03 16:22:40,835 [INFO] [{'Delta': None, 'Theta': None, 'Alpha': None, 'Sigma': None, 'Beta': None, 'Gamma': None}]
2024-06-03 16:22:41,939 [INFO] [{'Delta': None, 'Theta': None, 'Alpha': None, 'Sigma': None, 'Beta': None, 'Gamma': None}]
2024-06-03 16:22:42,734 [INFO] [{'Delta': None, 'Theta': None, 'Alpha': None, 'Sigma': None, 'Beta': None, 'Gamma': None}]
2024-06-03 16:22:43,791 [INFO] [{'Delta': None, 'Theta': None, 'Alpha': None, 'Sigma': None, 'Beta': None, 'Gamma': None}]
2024-06-03 16:22:44,823 [INFO] [{'Delta': None, 'Theta': None, 'Alpha': None, 'Sigma': None, 'Beta': None, 'Gamma': None}]
2024-06-03 16:22:45,934 [INFO] [{'Delta': None, 'Theta': None, 'Alpha': None, 'Sigma': None, 'Beta': None, 'Gamma': None}]
2024-06-03 16:22:48,848 [INFO] [{'Delta': None, 'Theta': None, 'Alpha': None, 'Sigma': None, 'Beta': None, 'Gamma': None}]
2024-06-03 16:22:48,894 [INFO] [{'Delta': None, 'Theta': None, 'Alpha': None, 'Sigma': None, 'Beta': None, 'Gamma': None}]
2024-06-03 16:22:49,755 [INFO] [{'Delta': None, 'Theta': None, 'Alpha': None, 'Sigma': None, 'Beta': None, 'Gamma': None}]
2024-06-03 16:22:50,739 [INFO] [{'Delta': None, 'Theta': None, 'Alpha': None, 'Sigma': None, 'Beta': None, 'Gamma': None}]
2024-06-03 16:22:51,768 [INFO] [{'Delta': None, 'Theta': None, 'Alpha': None, 'Sigma': None, 'Beta': None, 'Gamma': None}]
2024-06-03 16:22:52,765 [INFO] [{'Delta': None, 'Theta': None, 'Alpha': None, 'Sigma': None, 'Beta': None, 'Gamma': None}]
2024-06-03 16:22:53,733 [INFO] [{'Delta': None, 'Theta': None, 'Alpha': None, 'Sigma': None, 'Beta': None, 'Gamma': None}]
2024-06-03 16:22:54,736 [INFO] [{'Delta': None, 'Theta': None, 'Alpha': None, 'Sigma': None, 'Beta': None, 'Gamma': None}]
2024-06-03 16:22:55,748 [INFO] [{'Delta': None, 'Theta': None, 'Alpha': None, 'Sigma': None, 'Beta': None, 'Gamma': None}]
2024-06-03 16:22:58,740 [INFO] [{'Delta': None, 'Theta': None, 'Alpha': None, 'Sigma': None, 'Beta': None, 'Gamma': None}]
2024-06-03 16:22:58,765 [INFO] [{'Delta': None, 'Theta': None, 'Alpha': None, 'Sigma': None, 'Beta': None, 'Gamma': None}]
2024-06-03 16:22:59,793 [INFO] [{'Delta': None, 'Theta': None, 'Alpha': None, 'Sigma': None, 'Beta': None, 'Gamma': None}]
2024-06-03 16:23:00,747 [INFO] [{'Delta': None, 'Theta': None, 'Alpha': None, 'Sigma': None, 'Beta': None, 'Gamma': None}, {'Delta': None, 'Theta': None, 'Alpha': None, 'Sigma': None, 'Beta': None, 'Gamma': None}]
2024-06-03 16:23:01,777 [INFO] [{'Delta': None, 'Theta': None, 'Alpha': None, 'Sigma': None, 'Beta': None, 'Gamma': None}]
2024-06-03 16:23:02,744 [INFO] [{'Delta': None, 'Theta': None, 'Alpha': None, 'Sigma': None, 'Beta': None, 'Gamma': None}]
2024-06-03 16:23:03,751 [INFO] [{'Delta': None, 'Theta': None, 'Alpha': None, 'Sigma': None, 'Beta': None, 'Gamma': None}]
2024-06-03 16:23:04,740 [INFO] [{'Delta': None, 'Theta': None, 'Alpha': None, 'Sigma': None, 'Beta': None, 'Gamma': None}]
2024-06-03 16:23:05,749 [INFO] [{'Delta': None, 'Theta': None, 'Alpha': None, 'Sigma': None, 'Beta': None, 'Gamma': None}]
2024-06-03 16:23:06,738 [INFO] [{'Delta': None, 'Theta': None, 'Alpha': None, 'Sigma': None, 'Beta': None, 'Gamma': None}]
2024-06-03 16:23:07,750 [INFO] [{'Delta': None, 'Theta': None, 'Alpha': None, 'Sigma': None, 'Beta': None, 'Gamma': None}]
2024-06-03 16:23:08,793 [INFO] [{'Delta': None, 'Theta': None, 'Alpha': None, 'Sigma': None, 'Beta': None, 'Gamma': None}]
2024-06-03 16:23:11,769 [INFO] [{'Delta': None, 'Theta': None, 'Alpha': None, 'Sigma': None, 'Beta': None, 'Gamma': None}]
2024-06-03 16:23:11,804 [INFO] [{'Delta': None, 'Theta': None, 'Alpha': None, 'Sigma': None, 'Beta': None, 'Gamma': None}]
2024-06-03 16:23:12,872 [INFO] [{'Delta': None, 'Theta': None, 'Alpha': None, 'Sigma': None, 'Beta': None, 'Gamma': None}]
2024-06-03 16:23:13,766 [INFO] [{'Delta': None, 'Theta': None, 'Alpha': None, 'Sigma': None, 'Beta': None, 'Gamma': None}]
2024-06-03 16:23:14,745 [INFO] [{'Delta': None, 'Theta': None, 'Alpha': None, 'Sigma': None, 'Beta': None, 'Gamma': None}]
2024-06-03 16:23:15,830 [INFO] [{'Delta': None, 'Theta': None, 'Alpha': None, 'Sigma': None, 'Beta': None, 'Gamma': None}]
2024-06-03 16:23:16,746 [INFO] [{'Delta': None, 'Theta': None, 'Alpha': None, 'Sigma': None, 'Beta': None, 'Gamma': None}]
2024-06-03 16:23:17,768 [INFO] [{'Delta': None, 'Theta': None, 'Alpha': None, 'Sigma': None, 'Beta': None, 'Gamma': None}]
2024-06-03 16:23:18,752 [INFO] [{'Delta': None, 'Theta': None, 'Alpha': None, 'Sigma': None, 'Beta': None, 'Gamma': None}]
2024-06-03 16:23:19,789 [INFO] [{'Delta': None, 'Theta': None, 'Alpha': None, 'Sigma': None, 'Beta': None, 'Gamma': None}]
2024-06-03 16:23:20,749 [INFO] [{'Delta': None, 'Theta': None, 'Alpha': None, 'Sigma': None, 'Beta': None, 'Gamma': None}]
2024-06-03 16:23:21,876 [INFO] [{'Delta': None, 'Theta': None, 'Alpha': None, 'Sigma': None, 'Beta': None, 'Gamma': None}]
2024-06-03 16:23:24,835 [INFO] [{'Delta': None, 'Theta': None, 'Alpha': None, 'Sigma': None, 'Beta': None, 'Gamma': None}]
2024-06-03 16:23:24,869 [INFO] [{'Delta': None, 'Theta': None, 'Alpha': None, 'Sigma': None, 'Beta': None, 'Gamma': None}]
2024-06-03 16:23:25,749 [INFO] [{'Delta': None, 'Theta': None, 'Alpha': None, 'Sigma': None, 'Beta': None, 'Gamma': None}]
2024-06-03 16:23:26,873 [INFO] [{'Delta': None, 'Theta': None, 'Alpha': None, 'Sigma': None, 'Beta': None, 'Gamma': None}]
2024-06-03 16:23:27,868 [INFO] [{'Delta': None, 'Theta': None, 'Alpha': None, 'Sigma': None, 'Beta': None, 'Gamma': None}, {'Delta': None, 'Theta': None, 'Alpha': None, 'Sigma': None, 'Beta': None, 'Gamma': None}]
2024-06-03 16:23:28,865 [INFO] [{'Delta': None, 'Theta': None, 'Alpha': None, 'Sigma': None, 'Beta': None, 'Gamma': None}]
2024-06-03 16:23:29,746 [INFO] [{'Delta': None, 'Theta': None, 'Alpha': None, 'Sigma': None, 'Beta': None, 'Gamma': None}]
2024-06-03 16:23:30,828 [INFO] [{'Delta': None, 'Theta': None, 'Alpha': None, 'Sigma': None, 'Beta': None, 'Gamma': None}]
2024-06-03 16:23:31,871 [INFO] [{'Delta': None, 'Theta': None, 'Alpha': None, 'Sigma': None, 'Beta': None, 'Gamma': None}]
2024-06-03 16:23:32,890 [INFO] [{'Delta': None, 'Theta': None, 'Alpha': None, 'Sigma': None, 'Beta': None, 'Gamma': None}]
2024-06-03 16:23:33,856 [INFO] [{'Delta': None, 'Theta': None, 'Alpha': None, 'Sigma': None, 'Beta': None, 'Gamma': None}]
2024-06-03 16:23:34,889 [INFO] [{'Delta': None, 'Theta': None, 'Alpha': None, 'Sigma': None, 'Beta': None, 'Gamma': None}]
2024-06-03 16:23:40,445 [INFO] [{'Delta': None, 'Theta': None, 'Alpha': None, 'Sigma': None, 'Beta': None, 'Gamma': None}]
2024-06-03 16:23:41,678 [INFO] [{'Delta': None, 'Theta': None, 'Alpha': None, 'Sigma': None, 'Beta': None, 'Gamma': None}]
2024-06-03 16:23:42,475 [INFO] [{'Delta': None, 'Theta': None, 'Alpha': None, 'Sigma': None, 'Beta': None, 'Gamma': None}]
2024-06-03 16:23:43,391 [INFO] [{'Delta': None, 'Theta': None, 'Alpha': None, 'Sigma': None, 'Beta': None, 'Gamma': None}]
2024-06-03 16:23:43,879 [INFO] [{'Delta': None, 'Theta': None, 'Alpha': None, 'Sigma': None, 'Beta': None, 'Gamma': None}]
2024-06-03 16:23:44,037 [INFO] [{'Delta': None, 'Theta': None, 'Alpha': None, 'Sigma': None, 'Beta': None, 'Gamma': None}]
2024-06-03 16:23:44,131 [INFO] [{'Delta': None, 'Theta': None, 'Alpha': None, 'Sigma': None, 'Beta': None, 'Gamma': None}]
2024-06-03 16:23:44,183 [INFO] [{'Delta': None, 'Theta': None, 'Alpha': None, 'Sigma': None, 'Beta': None, 'Gamma': None}]
2024-06-03 16:23:46,603 [INFO] [{'Delta': None, 'Theta': None, 'Alpha': None, 'Sigma': None, 'Beta': None, 'Gamma': None}]
2024-06-03 16:23:46,698 [INFO] [{'Delta': None, 'Theta': None, 'Alpha': None, 'Sigma': None, 'Beta': None, 'Gamma': None}]
2024-06-03 16:23:47,735 [INFO] [{'Delta': None, 'Theta': None, 'Alpha': None, 'Sigma': None, 'Beta': None, 'Gamma': None}]
2024-06-03 16:23:48,577 [INFO] [{'Delta': None, 'Theta': None, 'Alpha': None, 'Sigma': None, 'Beta': None, 'Gamma': None}]
2024-06-03 16:23:49,525 [INFO] [{'Delta': None, 'Theta': None, 'Alpha': None, 'Sigma': None, 'Beta': None, 'Gamma': None}]
2024-06-03 16:23:50,508 [INFO] [{'Delta': None, 'Theta': None, 'Alpha': None, 'Sigma': None, 'Beta': None, 'Gamma': None}]
2024-06-03 16:23:51,482 [INFO] [{'Delta': None, 'Theta': None, 'Alpha': None, 'Sigma': None, 'Beta': None, 'Gamma': None}]
2024-06-03 16:23:52,690 [INFO] [{'Delta': None, 'Theta': None, 'Alpha': None, 'Sigma': None, 'Beta': None, 'Gamma': None}]
2024-06-03 16:23:53,628 [INFO] [{'Delta': None, 'Theta': None, 'Alpha': None, 'Sigma': None, 'Beta': None, 'Gamma': None}]
2024-06-03 16:23:54,635 [INFO] [{'Delta': None, 'Theta': None, 'Alpha': None, 'Sigma': None, 'Beta': None, 'Gamma': None}, {'Delta': None, 'Theta': None, 'Alpha': None, 'Sigma': None, 'Beta': None, 'Gamma': None}]
2024-06-03 16:23:55,510 [INFO] [{'Delta': None, 'Theta': None, 'Alpha': None, 'Sigma': None, 'Beta': None, 'Gamma': None}]
2024-06-03 16:23:56,540 [INFO] [{'Delta': None, 'Theta': None, 'Alpha': None, 'Sigma': None, 'Beta': None, 'Gamma': None}]
2024-06-03 16:23:59,837 [INFO] [{'Delta': None, 'Theta': None, 'Alpha': None, 'Sigma': None, 'Beta': None, 'Gamma': None}]
2024-06-03 16:23:59,957 [INFO] [{'Delta': None, 'Theta': None, 'Alpha': None, 'Sigma': None, 'Beta': None, 'Gamma': None}]
2024-06-03 16:24:00,529 [INFO] [{'Delta': None, 'Theta': None, 'Alpha': None, 'Sigma': None, 'Beta': None, 'Gamma': None}]
2024-06-03 16:24:01,505 [INFO] [{'Delta': None, 'Theta': None, 'Alpha': None, 'Sigma': None, 'Beta': None, 'Gamma': None}]
2024-06-03 16:24:02,508 [INFO] [{'Delta': None, 'Theta': None, 'Alpha': None, 'Sigma': None, 'Beta': None, 'Gamma': None}]
2024-06-03 16:24:03,545 [INFO] [{'Delta': None, 'Theta': None, 'Alpha': None, 'Sigma': None, 'Beta': None, 'Gamma': None}]
2024-06-03 16:24:04,483 [INFO] [{'Delta': None, 'Theta': None, 'Alpha': None, 'Sigma': None, 'Beta': None, 'Gamma': None}]
2024-06-03 16:24:05,510 [INFO] [{'Delta': None, 'Theta': None, 'Alpha': None, 'Sigma': None, 'Beta': None, 'Gamma': None}]
2024-06-03 16:24:06,519 [INFO] [{'Delta': None, 'Theta': None, 'Alpha': None, 'Sigma': None, 'Beta': None, 'Gamma': None}]
2024-06-03 16:24:07,513 [INFO] [{'Delta': None, 'Theta': None, 'Alpha': None, 'Sigma': None, 'Beta': None, 'Gamma': None}]
2024-06-03 16:24:10,511 [INFO] [{'Delta': None, 'Theta': None, 'Alpha': None, 'Sigma': None, 'Beta': None, 'Gamma': None}]
2024-06-03 16:24:10,545 [INFO] [{'Delta': None, 'Theta': None, 'Alpha': None, 'Sigma': None, 'Beta': None, 'Gamma': None}]
2024-06-03 16:24:11,541 [INFO] [{'Delta': None, 'Theta': None, 'Alpha': None, 'Sigma': None, 'Beta': None, 'Gamma': None}]
2024-06-03 16:24:12,528 [INFO] [{'Delta': None, 'Theta': None, 'Alpha': None, 'Sigma': None, 'Beta': None, 'Gamma': None}]
2024-06-03 16:24:13,509 [INFO] [{'Delta': None, 'Theta': None, 'Alpha': None, 'Sigma': None, 'Beta': None, 'Gamma': None}]
2024-06-03 16:24:14,564 [INFO] [{'Delta': None, 'Theta': None, 'Alpha': None, 'Sigma': None, 'Beta': None, 'Gamma': None}]
2024-06-03 16:24:15,488 [INFO] [{'Delta': None, 'Theta': None, 'Alpha': None, 'Sigma': None, 'Beta': None, 'Gamma': None}]
2024-06-03 16:24:16,499 [INFO] [{'Delta': None, 'Theta': None, 'Alpha': None, 'Sigma': None, 'Beta': None, 'Gamma': None}]
2024-06-03 16:24:17,509 [INFO] [{'Delta': None, 'Theta': None, 'Alpha': None, 'Sigma': None, 'Beta': None, 'Gamma': None}]
2024-06-03 16:24:18,528 [INFO] [{'Delta': None, 'Theta': None, 'Alpha': None, 'Sigma': None, 'Beta': None, 'Gamma': None}]
2024-06-03 16:24:21,491 [INFO] [{'Delta': None, 'Theta': None, 'Alpha': None, 'Sigma': None, 'Beta': None, 'Gamma': None}]
2024-06-03 16:24:21,525 [INFO] [{'Delta': None, 'Theta': None, 'Alpha': None, 'Sigma': None, 'Beta': None, 'Gamma': None}]
2024-06-03 16:24:22,496 [INFO] [{'Delta': None, 'Theta': None, 'Alpha': None, 'Sigma': None, 'Beta': None, 'Gamma': None}, {'Delta': None, 'Theta': None, 'Alpha': None, 'Sigma': None, 'Beta': None, 'Gamma': None}]
2024-06-03 16:24:23,505 [INFO] [{'Delta': None, 'Theta': None, 'Alpha': None, 'Sigma': None, 'Beta': None, 'Gamma': None}]
2024-06-03 16:24:24,506 [INFO] [{'Delta': None, 'Theta': None, 'Alpha': None, 'Sigma': None, 'Beta': None, 'Gamma': None}]
2024-06-03 16:24:25,551 [INFO] [{'Delta': None, 'Theta': None, 'Alpha': None, 'Sigma': None, 'Beta': None, 'Gamma': None}]
2024-06-03 16:24:26,489 [INFO] [{'Delta': None, 'Theta': None, 'Alpha': None, 'Sigma': None, 'Beta': None, 'Gamma': None}]
2024-06-03 16:24:27,504 [INFO] [{'Delta': None, 'Theta': None, 'Alpha': None, 'Sigma': None, 'Beta': None, 'Gamma': None}]
2024-06-03 16:24:30,607 [INFO] [{'Delta': None, 'Theta': None, 'Alpha': None, 'Sigma': None, 'Beta': None, 'Gamma': None}]
2024-06-03 16:24:30,660 [INFO] [{'Delta': None, 'Theta': None, 'Alpha': None, 'Sigma': None, 'Beta': None, 'Gamma': None}]
2024-06-03 16:24:31,546 [INFO] [{'Delta': None, 'Theta': None, 'Alpha': None, 'Sigma': None, 'Beta': None, 'Gamma': None}]
2024-06-03 16:24:32,494 [INFO] [{'Delta': None, 'Theta': None, 'Alpha': None, 'Sigma': None, 'Beta': None, 'Gamma': None}]
2024-06-03 16:24:33,493 [INFO] [{'Delta': None, 'Theta': None, 'Alpha': None, 'Sigma': None, 'Beta': None, 'Gamma': None}]
2024-06-03 16:24:34,542 [INFO] [{'Delta': None, 'Theta': None, 'Alpha': None, 'Sigma': None, 'Beta': None, 'Gamma': None}]
2024-06-03 16:24:35,491 [INFO] [{'Delta': -1.7385802700790827, 'Theta': 1.150442910366012, 'Alpha': 1.763647856221449, 'Sigma': 1.8843463264006066, 'Beta': 1.7236844632733075, 'Gamma': 1.5640170882510551}]
2024-06-03 16:24:36,713 [INFO] [{'Delta': -1.7036034772738906, 'Theta': 1.250116455638634, 'Alpha': 1.7532290854782646, 'Sigma': 1.8964226972585232, 'Beta': 1.7061728231135966, 'Gamma': 1.4858935582918396}]
2024-06-03 16:24:39,504 [INFO] [{'Delta': -1.6254001632816846, 'Theta': 1.235729870904617, 'Alpha': 1.6706308723468573, 'Sigma': 1.7905893833255544, 'Beta': 1.626991168511475, 'Gamma': 1.4374131898649711}]
2024-06-03 16:24:39,584 [INFO] [{'Delta': -1.6637190691915245, 'Theta': 1.6763568779030935, 'Alpha': 1.699103571943688, 'Sigma': 1.7243609913761124, 'Beta': 1.585237301908028, 'Gamma': 1.4469492421041044}]
2024-06-03 16:24:40,508 [INFO] [{'Delta': -1.7051204905369455, 'Theta': 1.3684697996665032, 'Alpha': 1.713209574684478, 'Sigma': 1.7622696339500334, 'Beta': 1.7442501666656132, 'Gamma': 1.3712325066465112}]
2024-06-03 16:24:41,597 [INFO] [{'Delta': -1.6117476969769808, 'Theta': 1.3498953960758227, 'Alpha': 1.6134372866869047, 'Sigma': 1.6516862703177246, 'Beta': 1.650149365761894, 'Gamma': 1.2739246185519724}]
2024-06-03 16:24:42,645 [INFO] [{'Delta': -1.5708637630075744, 'Theta': 1.1324000692765879, 'Alpha': 1.5689893100989876, 'Sigma': 1.6581519843691876, 'Beta': 1.6977313027802428, 'Gamma': 1.1390239451865714}]
2024-06-03 16:24:43,531 [INFO] [{'Delta': -1.50060954936899, 'Theta': 1.1644854366937132, 'Alpha': 1.486930903854964, 'Sigma': 1.6259741199690003, 'Beta': 1.6498103389626655, 'Gamma': 1.114638905052591}]
2024-06-03 16:24:46,502 [INFO] [{'Delta': -1.40905850789559, 'Theta': 1.029192401643677, 'Alpha': 1.2508455199447102, 'Sigma': 1.5115082365593744, 'Beta': 1.6007746787569177, 'Gamma': 1.089763658948605}]
2024-06-03 16:24:46,727 [INFO] [{'Delta': -1.41065695243678, 'Theta': 0.688446910389751, 'Alpha': 1.3192517929986212, 'Sigma': 1.598080916839812, 'Beta': 1.607474160279544, 'Gamma': 1.0798942749373104}]
2024-06-03 16:24:47,527 [INFO] [{'Delta': -1.5478465999388473, 'Theta': 1.4238057187956412, 'Alpha': 1.423500842870081, 'Sigma': 1.6821426894790497, 'Beta': 1.6783252075827102, 'Gamma': 1.0992273962099326}]
2024-06-03 16:24:48,505 [INFO] [{'Delta': -1.5674464004435107, 'Theta': 1.2736356909037243, 'Alpha': 1.442133666258237, 'Sigma': 1.6822061748434025, 'Beta': 1.7007401249851115, 'Gamma': 1.0954785036696224}]
2024-06-03 16:24:49,506 [INFO] [{'Delta': -1.511081506200152, 'Theta': 0.8097270522225298, 'Alpha': 1.425942335529382, 'Sigma': 1.707625340925169, 'Beta': 1.6845665814911237, 'Gamma': 1.0636647449710914}]
2024-06-03 16:24:50,507 [INFO] [{'Delta': -1.448354162599488, 'Theta': 0.6169798599700956, 'Alpha': 1.30008770657302, 'Sigma': 1.6085746035774238, 'Beta': 1.6615846232026372, 'Gamma': 1.0901226887959674}, {'Delta': -1.3967502343842841, 'Theta': 0.6337606815270828, 'Alpha': 1.2614887879134369, 'Sigma': 1.5821342321721148, 'Beta': 1.5939351612824821, 'Gamma': 1.04777664624738}]
2024-06-03 16:24:51,493 [INFO] [{'Delta': -1.403432468749167, 'Theta': 0.85753336603467, 'Alpha': 1.2607650201086313, 'Sigma': 1.5308460853839037, 'Beta': 1.565140893662394, 'Gamma': 1.0603145386544384}]
2024-06-03 16:24:52,526 [INFO] [{'Delta': -1.2717342420704494, 'Theta': 0.3805170531031347, 'Alpha': 1.1170298506350544, 'Sigma': 1.4816664932358243, 'Beta': 1.496532758550716, 'Gamma': 0.9668890317365393}]
2024-06-03 16:24:55,504 [INFO] [{'Delta': -1.2503975417653854, 'Theta': 0.23586120606412203, 'Alpha': 1.1149558715790948, 'Sigma': 1.4705728918572625, 'Beta': 1.4731993372192211, 'Gamma': 0.9020639819546724}]
2024-06-03 16:24:55,553 [INFO] [{'Delta': -1.289089868436743, 'Theta': 0.3184384235457681, 'Alpha': 1.1326465050485397, 'Sigma': 1.4695692973049321, 'Beta': 1.5251755041589394, 'Gamma': 0.9336958560347837}]
2024-06-03 16:24:56,500 [INFO] [{'Delta': -1.277124516277005, 'Theta': 0.27248356315037203, 'Alpha': 1.1270750539708916, 'Sigma': 1.450351637897819, 'Beta': 1.5171778310715391, 'Gamma': 0.9653259185376449}]
2024-06-03 16:24:57,504 [INFO] [{'Delta': -1.4658350747885427, 'Theta': 0.6158044656113996, 'Alpha': 1.1394136318911994, 'Sigma': 1.5050844063467026, 'Beta': 1.7019531539974464, 'Gamma': 1.414182064051984}]
2024-06-03 16:24:58,502 [INFO] [{'Delta': -1.3077006760586027, 'Theta': 0.09232406927658739, 'Alpha': 1.0197896498508703, 'Sigma': 1.3685001202608535, 'Beta': 1.5795406721085117, 'Gamma': 1.2921070546319693}]
2024-06-03 16:24:59,535 [INFO] [{'Delta': -1.2502608870327254, 'Theta': 0.013517784947068559, 'Alpha': 0.9865850656936374, 'Sigma': 1.2796839627345487, 'Beta': 1.5168343943078817, 'Gamma': 1.2748903866716839}]
2024-06-03 16:25:00,509 [INFO] [{'Delta': -1.265965090526231, 'Theta': 0.68380757833019, 'Alpha': 1.0188492061993681, 'Sigma': 1.2678137088900627, 'Beta': 1.4290846587407575, 'Gamma': 1.2320142157169216}]
2024-06-03 16:25:03,524 [INFO] [{'Delta': -1.3435345675408454, 'Theta': -0.5073531624120078, 'Alpha': 1.1076363980213566, 'Sigma': 1.3789631440402923, 'Beta': 1.6554951405201437, 'Gamma': 1.4047484980994231}]
2024-06-03 16:25:03,551 [INFO] [{'Delta': -1.3210240480083983, 'Theta': -0.4532002793385464, 'Alpha': 1.0515390228462478, 'Sigma': 1.249617757365137, 'Beta': 1.6187236041636612, 'Gamma': 1.4133935283947796}]
2024-06-03 16:25:04,591 [INFO] [{'Delta': -1.324847793865184, 'Theta': -0.6969275468186955, 'Alpha': 1.017523505691157, 'Sigma': 1.263722525567587, 'Beta': 1.6427820863429448, 'Gamma': 1.5367494813589608}]
2024-06-03 16:25:05,508 [INFO] [{'Delta': -1.3137052151233655, 'Theta': -0.5928834614649482, 'Alpha': 1.0299423269609609, 'Sigma': 1.2069934191513787, 'Beta': 1.631877079595407, 'Gamma': 1.400179340867852}]
2024-06-03 16:25:06,563 [INFO] [{'Delta': -1.3285323629237298, 'Theta': -1.105241238781882, 'Alpha': 0.9882883775782464, 'Sigma': 1.1793257014062546, 'Beta': 1.71163695737628, 'Gamma': 1.5561164175884614}]
2024-06-03 16:25:07,529 [INFO] [{'Delta': -1.2496532369371487, 'Theta': -1.4444167249161404, 'Alpha': 0.9657753685555622, 'Sigma': 1.1509410453624542, 'Beta': 1.6260726133630716, 'Gamma': 1.490695512752516}]
2024-06-03 16:25:08,504 [INFO] [{'Delta': -1.210350918818466, 'Theta': -1.5892390789426245, 'Alpha': 0.9583488666525136, 'Sigma': 1.143101596143288, 'Beta': 1.5798613431884578, 'Gamma': 1.405200952252582}]
2024-06-03 16:25:11,527 [INFO] [{'Delta': -1.1542635730614605, 'Theta': -1.5797424079882494, 'Alpha': 1.0038752801494517, 'Sigma': 1.1078641896466987, 'Beta': 1.4492478766276347, 'Gamma': 1.3362316786362092}]
2024-06-03 16:25:11,568 [INFO] [{'Delta': -1.0826701602797826, 'Theta': -1.7368561515025132, 'Alpha': 1.0140609013511064, 'Sigma': 1.0472790370616665, 'Beta': 1.3610129687082435, 'Gamma': 1.2254889577676142}]
2024-06-03 16:25:12,512 [INFO] [{'Delta': -1.0747725418645022, 'Theta': -1.5651681653553462, 'Alpha': 1.0059111347850527, 'Sigma': 1.0420777073197711, 'Beta': 1.3421909788466975, 'Gamma': 1.1652907757408049}]
2024-06-03 16:25:13,552 [INFO] [{'Delta': -0.9857818018017086, 'Theta': -1.6436205850389727, 'Alpha': 0.9989453741952337, 'Sigma': 0.9523523845883146, 'Beta': 1.232353846509467, 'Gamma': 1.037291421860888}]
2024-06-03 16:25:14,548 [INFO] [{'Delta': -0.9246680535892808, 'Theta': -1.6507529234030207, 'Alpha': 0.99087564693934, 'Sigma': 0.9088668515135141, 'Beta': 1.1575592226285252, 'Gamma': 0.9136185710103915}]
2024-06-03 16:25:15,528 [INFO] [{'Delta': -1.0151394122571933, 'Theta': -1.7150884265245783, 'Alpha': 1.0695506695839294, 'Sigma': 1.2838687744482593, 'Beta': 1.249371934848889, 'Gamma': 1.0126311826068057}]
2024-06-03 16:25:16,514 [INFO] [{'Delta': -0.9343425236752197, 'Theta': -1.5023602038559418, 'Alpha': 1.0357063346196334, 'Sigma': 1.1761584210830542, 'Beta': 1.087566674250662, 'Gamma': 0.9940132989767313}]
2024-06-03 16:25:19,528 [INFO] [{'Delta': -0.9342113598538211, 'Theta': -1.5968331641592244, 'Alpha': 0.9809326421674034, 'Sigma': 1.2146808708976, 'Beta': 1.137358013377002, 'Gamma': 0.9321285140975065}]
2024-06-03 16:25:19,559 [INFO] [{'Delta': -1.142276809347386, 'Theta': -1.2307944338818668, 'Alpha': 1.16241631200829, 'Sigma': 1.4296817591057345, 'Beta': 1.3356060222555233, 'Gamma': 1.0947273997815061}, {'Delta': -1.101164221201209, 'Theta': -1.2651255496101128, 'Alpha': 1.0537371438885075, 'Sigma': 1.3476122102345067, 'Beta': 1.357353867157345, 'Gamma': 0.9324623070729129}]
2024-06-03 16:25:20,560 [INFO] [{'Delta': -1.18206772585439, 'Theta': -1.394932475437203, 'Alpha': 1.0601436956738843, 'Sigma': 1.372031564453949, 'Beta': 1.5213151518594725, 'Gamma': 0.8997579543375839}]
2024-06-03 16:25:21,551 [INFO] [{'Delta': -1.199377982386843, 'Theta': -1.5421025846928207, 'Alpha': 1.0755666505610493, 'Sigma': 1.320404011455115, 'Beta': 1.5650703122580762, 'Gamma': 0.8580732835295014}]
2024-06-03 16:25:22,566 [INFO] [{'Delta': -1.1789445493316886, 'Theta': -1.0371984958132354, 'Alpha': 1.0102175152745392, 'Sigma': 1.2478564623719608, 'Beta': 1.5077721864217002, 'Gamma': 0.8066971511661868}]
2024-06-03 16:25:23,525 [INFO] [{'Delta': -1.1685845806138546, 'Theta': -1.0466797555085219, 'Alpha': 0.9803523139344402, 'Sigma': 1.1998333284561713, 'Beta': 1.4955975632957836, 'Gamma': 0.7849997643654748}]
2024-06-03 16:25:24,512 [INFO] [{'Delta': -1.1386797215177442, 'Theta': -0.9245628749784552, 'Alpha': 0.9001030304771449, 'Sigma': 1.101289055212383, 'Beta': 1.4903731153708255, 'Gamma': 0.7384180445188017}]
2024-06-03 16:25:27,581 [INFO] [{'Delta': -1.16472765785129, 'Theta': -1.057477454067396, 'Alpha': 0.9373469099501189, 'Sigma': 1.0804473403629062, 'Beta': 1.5413756572153043, 'Gamma': 0.6640319900587703}]
2024-06-03 16:25:27,604 [INFO] [{'Delta': -1.1929352400806146, 'Theta': -0.8595958337752843, 'Alpha': 0.9378888515237597, 'Sigma': 1.0840759449731956, 'Beta': 1.5667246488130175, 'Gamma': 0.5894298855341494}]
2024-06-03 16:25:28,564 [INFO] [{'Delta': -1.2227506148119878, 'Theta': -0.8797665779117351, 'Alpha': 0.9599543543063284, 'Sigma': 1.1178245889969918, 'Beta': 1.5860764155285139, 'Gamma': 0.6078560624308664}]
2024-06-03 16:25:29,585 [INFO] [{'Delta': -1.2378516579257224, 'Theta': -0.5947622827922259, 'Alpha': 1.001230899439118, 'Sigma': 1.087419023616487, 'Beta': 1.5834274516842377, 'Gamma': 0.5410830191393152}]
2024-06-03 16:25:30,566 [INFO] [{'Delta': -1.270302319115198, 'Theta': -0.786871361404794, 'Alpha': 0.9836481583160499, 'Sigma': 1.0609315965188015, 'Beta': 1.6539545444736528, 'Gamma': 0.554515006215351}]
2024-06-03 16:25:31,630 [INFO] [{'Delta': -1.281483266891522, 'Theta': -1.1704754013384995, 'Alpha': 0.941875091591434, 'Sigma': 1.034478435023725, 'Beta': 1.7036754080813612, 'Gamma': 0.6484144260012131}]
2024-06-03 16:25:32,507 [INFO] [{'Delta': -1.2859442193519914, 'Theta': -1.0281177226221627, 'Alpha': 0.8364758026283686, 'Sigma': 0.9915781658278816, 'Beta': 1.7591739701097284, 'Gamma': 0.645457480793464}]
2024-06-03 16:25:33,569 [INFO] [{'Delta': -1.2693440279481787, 'Theta': -1.1532200710546796, 'Alpha': 0.8006125811230157, 'Sigma': 0.9696678515680923, 'Beta': 1.7657262249423977, 'Gamma': 0.6429378910174738}]
2024-06-03 16:25:36,603 [INFO] [{'Delta': -1.3831227103001542, 'Theta': -1.3112012570191944, 'Alpha': 0.8393674283078345, 'Sigma': 0.974409700905319, 'Beta': 1.9402022632524152, 'Gamma': 0.6200883689635008}]
2024-06-03 16:25:36,673 [INFO] [{'Delta': -1.3893420787171105, 'Theta': -1.4861668258998968, 'Alpha': 0.8362286068094692, 'Sigma': 0.9062018099961662, 'Beta': 1.9752188244557296, 'Gamma': 0.5359620046414679}]
2024-06-03 16:25:37,580 [INFO] [{'Delta': -1.3669746972141927, 'Theta': -1.5309386951741784, 'Alpha': 0.8438397848890677, 'Sigma': 0.8944967976007945, 'Beta': 1.928226374427238, 'Gamma': 0.5175713843221225}]
2024-06-03 16:25:38,573 [INFO] [{'Delta': -1.2717571920062531, 'Theta': -2.160798838511296, 'Alpha': 0.7770872879715548, 'Sigma': 0.8002032577766179, 'Beta': 1.892646733809691, 'Gamma': 0.5115789461485768}]
2024-06-03 16:25:39,683 [INFO] [{'Delta': -1.2974290345395725, 'Theta': -2.2461944827869518, 'Alpha': 0.7325186706391827, 'Sigma': 0.7688591495146417, 'Beta': 1.94089646355717, 'Gamma': 0.5764787899867031}]
2024-06-03 16:25:40,565 [INFO] [{'Delta': -1.2127347750639164, 'Theta': -2.389077816604072, 'Alpha': 0.6417744124736793, 'Sigma': 0.6295846658572342, 'Beta': 1.8609242275389422, 'Gamma': 0.5639439566213743}]
2024-06-03 16:25:41,512 [INFO] [{'Delta': -1.2755445313499991, 'Theta': -2.1834401228355125, 'Alpha': 0.6802588463174841, 'Sigma': 0.6519755672663553, 'Beta': 1.8821619876603781, 'Gamma': 0.6125553235085087}]
2024-06-03 16:25:44,533 [INFO] [{'Delta': -1.2210146037905567, 'Theta': -2.3822093786726404, 'Alpha': 0.6278357288893586, 'Sigma': 0.5613728437248245, 'Beta': 1.8094321577147872, 'Gamma': 0.6396281855699487}]
2024-06-03 16:25:44,571 [INFO] [{'Delta': -1.2057661315261816, 'Theta': -2.016861911747526, 'Alpha': 0.6206379476219525, 'Sigma': 0.5512023910967948, 'Beta': 1.7447711034197944, 'Gamma': 0.6022437848727403}]
2024-06-03 16:25:45,534 [INFO] [{'Delta': -1.2134770985626386, 'Theta': -2.277271854429364, 'Alpha': 0.5315067142467862, 'Sigma': 0.5506800775941674, 'Beta': 1.8224929954269617, 'Gamma': 0.639945655969934}]
2024-06-03 16:25:46,543 [INFO] [{'Delta': -1.1419008723592814, 'Theta': -2.148558698175321, 'Alpha': 0.511289202021884, 'Sigma': 0.5135345213071595, 'Beta': 1.6976870884692459, 'Gamma': 0.654389413482016}]
2024-06-03 16:25:47,573 [INFO] [{'Delta': -1.164225948638094, 'Theta': -2.1319976963292455, 'Alpha': 0.507618196531726, 'Sigma': 0.5548272004365323, 'Beta': 1.7209085638633834, 'Gamma': 0.6918707104693113}, {'Delta': -1.1073250361064906, 'Theta': -2.0867417244261453, 'Alpha': 0.5064250706521677, 'Sigma': 0.5189225227468921, 'Beta': 1.6123652807433986, 'Gamma': 0.6591481158259165}]
2024-06-03 16:25:48,547 [INFO] [{'Delta': -1.0519923380927163, 'Theta': -2.394946959658786, 'Alpha': 0.49610724242778054, 'Sigma': 0.5052975776454566, 'Beta': 1.5746977545199552, 'Gamma': 0.6623482162992921}]
2024-06-03 16:25:49,533 [INFO] [{'Delta': -1.1903280801626566, 'Theta': -2.017520451252052, 'Alpha': 0.6072939482549181, 'Sigma': 0.6028612373201976, 'Beta': 1.6871035052364383, 'Gamma': 0.7321150555789775}]
2024-06-03 16:25:52,545 [INFO] [{'Delta': -1.0728680343656987, 'Theta': -2.3824566435186063, 'Alpha': 0.44749063866929123, 'Sigma': 0.36464432724844736, 'Beta': 1.5964867302056365, 'Gamma': 0.848995716419219}]
2024-06-03 16:25:52,581 [INFO] [{'Delta': -1.0480559373579867, 'Theta': -2.2547379567886203, 'Alpha': 0.41017500961867415, 'Sigma': 0.3472963680781049, 'Beta': 1.5572523628844772, 'Gamma': 0.8745867600480768}]
2024-06-03 16:25:53,573 [INFO] [{'Delta': -1.0625345238645858, 'Theta': -2.2833590160758184, 'Alpha': 0.4737422496019385, 'Sigma': 0.4238382163089295, 'Beta': 1.551394846458686, 'Gamma': 0.8740766776835024}]
2024-06-03 16:25:54,543 [INFO] [{'Delta': -0.9630535711856153, 'Theta': -2.3183136361475234, 'Alpha': 0.443081012518295, 'Sigma': 0.2776936164942909, 'Beta': 1.448986827927832, 'Gamma': 0.8261885993721854}]
2024-06-03 16:25:55,546 [INFO] [{'Delta': -0.9328521914285322, 'Theta': -2.3572471807632307, 'Alpha': 0.43415477747804243, 'Sigma': 0.2481380668360045, 'Beta': 1.413874728317389, 'Gamma': 0.7942818579747452}]
2024-06-03 16:25:56,552 [INFO] [{'Delta': -1.0070732780444578, 'Theta': -1.8721324660949235, 'Alpha': 0.4994851540095673, 'Sigma': 0.29704955488218526, 'Beta': 1.4257091668819688, 'Gamma': 0.8766948501794513}]
2024-06-03 16:25:57,529 [INFO] [{'Delta': -0.9427832065947028, 'Theta': -1.9797367816019191, 'Alpha': 0.42590568875483575, 'Sigma': 0.2670094181425975, 'Beta': 1.3876693850798318, 'Gamma': 0.8242890131667066}]
2024-06-03 16:26:00,551 [INFO] [{'Delta': -0.9755871509616988, 'Theta': -1.999910456151888, 'Alpha': 0.4452179814810554, 'Sigma': 0.29684634871520316, 'Beta': 1.4013091777810613, 'Gamma': 0.9031728624372696}]
2024-06-03 16:26:00,571 [INFO] [{'Delta': -0.9833856948931189, 'Theta': -2.101064518541586, 'Alpha': 0.45134576295455403, 'Sigma': 0.30597737605210296, 'Beta': 1.4087563955573623, 'Gamma': 0.9581311967227701}]
2024-06-03 16:26:01,537 [INFO] [{'Delta': -0.9986884514143245, 'Theta': -1.992531074220662, 'Alpha': 0.43871264820830613, 'Sigma': 0.3562137484709442, 'Beta': 1.4219297081341347, 'Gamma': 1.0561554950324485}]
2024-06-03 16:26:02,549 [INFO] [{'Delta': -0.9736365943295966, 'Theta': -2.00417827357842, 'Alpha': 0.3995876344487935, 'Sigma': 0.3662706624426592, 'Beta': 1.3993642190996392, 'Gamma': 1.0252507363550134}]
2024-06-03 16:26:03,581 [INFO] [{'Delta': -1.0178857386801736, 'Theta': -1.9104162505112612, 'Alpha': 0.49865128567505274, 'Sigma': 0.46403736769873916, 'Beta': 1.4154646699825246, 'Gamma': 0.9826198936804094}]
2024-06-03 16:26:04,625 [INFO] [{'Delta': -1.1582204374038947, 'Theta': -1.6105933447521439, 'Alpha': 0.7170188515868914, 'Sigma': 0.5867271859508215, 'Beta': 1.4845490906217624, 'Gamma': 1.0910425934113992}]
2024-06-03 16:26:05,534 [INFO] [{'Delta': -1.1499656438536072, 'Theta': -1.7336837078792904, 'Alpha': 0.7147183261876175, 'Sigma': 0.5772477770911211, 'Beta': 1.4917939764316108, 'Gamma': 1.097559910548176}]
2024-06-03 16:26:08,563 [INFO] [{'Delta': -1.2662082930231524, 'Theta': -1.8787082129297579, 'Alpha': 0.8437276193166924, 'Sigma': 0.7812261653588959, 'Beta': 1.5942049151872169, 'Gamma': 1.3419567347686185}]
2024-06-03 16:26:08,607 [INFO] [{'Delta': -1.2279869117377373, 'Theta': -2.0827445373430487, 'Alpha': 0.7679050520451324, 'Sigma': 0.743492072528979, 'Beta': 1.5912211248350758, 'Gamma': 1.2976184577023133}]
2024-06-03 16:26:09,755 [INFO] [{'Delta': -1.2444574022832662, 'Theta': -2.026366473502562, 'Alpha': 0.7998829394177875, 'Sigma': 0.7725422841756728, 'Beta': 1.5978972122199917, 'Gamma': 1.314820175327121}]
2024-06-03 16:26:10,555 [INFO] [{'Delta': -1.2204059988636202, 'Theta': -1.8319203357569107, 'Alpha': 0.825774131366475, 'Sigma': 0.7451266861154041, 'Beta': 1.5433249164400298, 'Gamma': 1.173528765484023}]
2024-06-03 16:26:11,561 [INFO] [{'Delta': -1.2302562723183759, 'Theta': -1.701577007211009, 'Alpha': 0.8602478601178173, 'Sigma': 0.7475448732895595, 'Beta': 1.509825030404223, 'Gamma': 1.2068823324518092}]
2024-06-03 16:26:12,560 [INFO] [{'Delta': -1.2338870015057306, 'Theta': -1.8836571721018052, 'Alpha': 0.8752766149315443, 'Sigma': 0.8580301617134402, 'Beta': 1.5242946006443039, 'Gamma': 1.272442886163225}]
2024-06-03 16:26:13,526 [INFO] [{'Delta': -1.283832929434158, 'Theta': -1.5742815253765663, 'Alpha': 0.9165428001840555, 'Sigma': 0.8576931389444484, 'Beta': 1.5417996272920593, 'Gamma': 1.3297977079965102}]
2024-06-03 16:26:16,566 [INFO] [{'Delta': -1.370173718886802, 'Theta': -1.3316371753547867, 'Alpha': 1.0185976582394831, 'Sigma': 0.8512113100260581, 'Beta': 1.5787324225236228, 'Gamma': 1.391221561377119}]
2024-06-03 16:26:16,608 [INFO] [{'Delta': -1.3414830291222133, 'Theta': -1.2726887113181857, 'Alpha': 0.9246990784384098, 'Sigma': 0.8321031477220031, 'Beta': 1.5630325684329112, 'Gamma': 1.3716073658902634}, {'Delta': -1.2848958166145679, 'Theta': -1.5399278503832752, 'Alpha': 0.8356822015741132, 'Sigma': 0.8076362872422501, 'Beta': 1.542693342580043, 'Gamma': 1.3555790582577492}]
2024-06-03 16:26:17,556 [INFO] [{'Delta': -1.2835466778666376, 'Theta': -1.4361746439849976, 'Alpha': 0.8402662651064506, 'Sigma': 0.766657801613602, 'Beta': 1.529008326739379, 'Gamma': 1.3080872354028201}]
2024-06-03 16:26:18,554 [INFO] [{'Delta': -1.2427649729902304, 'Theta': -1.4004666740451048, 'Alpha': 0.7913654148051591, 'Sigma': 0.7913645935682121, 'Beta': 1.485575423590682, 'Gamma': 1.3396479697825265}]
2024-06-03 16:26:19,594 [INFO] [{'Delta': -1.2717936045614826, 'Theta': -1.0887005997821297, 'Alpha': 0.8165979253333486, 'Sigma': 0.7263526264546469, 'Beta': 1.4741453627717689, 'Gamma': 1.2974115724261663}]
2024-06-03 16:26:20,639 [INFO] [{'Delta': -1.1497844079250399, 'Theta': -1.082240842904573, 'Alpha': 0.6167479123275522, 'Sigma': 0.24316268612136582, 'Beta': 1.3941825527196117, 'Gamma': 1.205138716973295}]
2024-06-03 16:26:21,523 [INFO] [{'Delta': -1.180595144339522, 'Theta': -1.1092150608755624, 'Alpha': 0.618199136234371, 'Sigma': 0.28192232754645263, 'Beta': 1.43767602386634, 'Gamma': 1.1817353567279385}]
2024-06-03 16:26:24,563 [INFO] [{'Delta': -1.135541732381103, 'Theta': -0.9457957198400422, 'Alpha': 0.5719704216164987, 'Sigma': 0.19704529222761427, 'Beta': 1.3672048592539041, 'Gamma': 1.1724834210787565}]
2024-06-03 16:26:24,585 [INFO] [{'Delta': -1.0758267994241055, 'Theta': -0.9124764753427825, 'Alpha': 0.490208155924198, 'Sigma': 0.07806922715253846, 'Beta': 1.3245741810774727, 'Gamma': 1.1054820903757503}]
2024-06-03 16:26:25,533 [INFO] [{'Delta': -1.0458360979126098, 'Theta': -1.106858448349408, 'Alpha': 0.5223292647454127, 'Sigma': 0.11815804848489543, 'Beta': 1.2861891243660193, 'Gamma': 1.206835194164357}]
2024-06-03 16:26:26,669 [INFO] [{'Delta': -0.9285638167996559, 'Theta': -0.829195670971591, 'Alpha': 0.4896821414855117, 'Sigma': -0.02313696161325887, 'Beta': 1.1002249154248998, 'Gamma': 1.1744031494178213}]
2024-06-03 16:26:27,578 [INFO] [{'Delta': -0.921845635023007, 'Theta': -0.8034879947512783, 'Alpha': 0.5451576738479681, 'Sigma': 0.012613688737956421, 'Beta': 1.0506641108256871, 'Gamma': 1.188913442157474}]
2024-06-03 16:26:28,536 [INFO] [{'Delta': -0.8863612912206813, 'Theta': -1.0732676646109396, 'Alpha': 0.517275012707541, 'Sigma': 0.04443896009739016, 'Beta': 1.0393793051328606, 'Gamma': 1.2669021610390239}]
2024-06-03 16:26:29,528 [INFO] [{'Delta': -0.9209563987354171, 'Theta': -1.0134887743279597, 'Alpha': 0.5639028119123851, 'Sigma': 0.08321211358245213, 'Beta': 1.0599558160755365, 'Gamma': 1.3039586046102707}]
2024-06-03 16:26:30,560 [INFO] [{'Delta': -0.9255509490226507, 'Theta': -1.0687095552804822, 'Alpha': 0.5905459993175651, 'Sigma': 0.08828944296206402, 'Beta': 1.0547800150817745, 'Gamma': 1.3358461843663643}]
2024-06-03 16:26:32,010 [INFO] [{'Delta': -0.8327530679876735, 'Theta': -0.9712218040126153, 'Alpha': 0.5470320747408774, 'Sigma': 0.03885216460901273, 'Beta': 0.9155340513393485, 'Gamma': 1.355888132670202}]
2024-06-03 16:26:34,564 [INFO] [{'Delta': -0.7576167024924595, 'Theta': -0.9050982912248946, 'Alpha': 0.5551661355386559, 'Sigma': 0.10083134168426772, 'Beta': 0.7995171431593157, 'Gamma': 1.3115228277823285}]
2024-06-03 16:26:34,589 [INFO] [{'Delta': -0.7628845668825447, 'Theta': -0.9856937943598045, 'Alpha': 0.5879850756920678, 'Sigma': 0.14945522391845756, 'Beta': 0.8094603314565184, 'Gamma': 1.306486694289123}]
2024-06-03 16:26:35,554 [INFO] [{'Delta': -0.7607676425901471, 'Theta': -0.7683525704142663, 'Alpha': 0.6404817398255349, 'Sigma': 0.1399787313760511, 'Beta': 0.7474527111360688, 'Gamma': 1.3276170872112165}]
2024-06-03 16:26:36,564 [INFO] [{'Delta': -0.7258062749811351, 'Theta': -0.6693479782922317, 'Alpha': 0.6430413188991905, 'Sigma': 0.16936807767266274, 'Beta': 0.6942360662067542, 'Gamma': 1.312451059584834}]
2024-06-03 16:26:37,724 [INFO] [{'Delta': -0.7147180426170857, 'Theta': -0.5848194096331573, 'Alpha': 0.7470315397537385, 'Sigma': 0.1280235666067674, 'Beta': 0.6264487145505583, 'Gamma': 1.2364862458901327}]
2024-06-03 16:26:38,559 [INFO] [{'Delta': -0.7184485669990381, 'Theta': -0.468873283993604, 'Alpha': 0.7657625496859012, 'Sigma': 0.24943760719784566, 'Beta': 0.5892044820084625, 'Gamma': 1.269275017662179}]
2024-06-03 16:26:41,582 [INFO] [{'Delta': -0.6844388465051819, 'Theta': -0.2587258081016968, 'Alpha': 0.7573849910141564, 'Sigma': 0.22775248633053888, 'Beta': 0.5126172644322534, 'Gamma': 1.2759028425985255}]
2024-06-03 16:26:41,612 [INFO] [{'Delta': -0.6133148431045409, 'Theta': -0.24176640961866944, 'Alpha': 0.7913813045089754, 'Sigma': 0.2129294612522889, 'Beta': 0.40734605765809506, 'Gamma': 1.2862027249923196}]
2024-06-03 16:26:42,637 [INFO] [{'Delta': -0.5792083260293497, 'Theta': -0.1940717325827492, 'Alpha': 0.8169193736687099, 'Sigma': 0.3185853450314159, 'Beta': 0.3242193328076348, 'Gamma': 1.244726555282972}]
2024-06-03 16:26:43,754 [INFO] [{'Delta': -0.6678756463779383, 'Theta': 0.007603117091437678, 'Alpha': 0.85515180623135, 'Sigma': 0.5672033483666913, 'Beta': 0.38890032699786625, 'Gamma': 1.355163153294552}]
2024-06-03 16:26:44,629 [INFO] [{'Delta': -0.5931358865091303, 'Theta': -0.08853282337208841, 'Alpha': 0.8819278503424794, 'Sigma': 0.4685584296707966, 'Beta': 0.29127880422690394, 'Gamma': 1.3633145990791748}, {'Delta': -0.534787549272275, 'Theta': -0.03379092723951449, 'Alpha': 0.8620478489173263, 'Sigma': 0.4592221299410818, 'Beta': 0.22244649643058223, 'Gamma': 1.3301328507710937}]
2024-06-03 16:26:45,731 [INFO] [{'Delta': -0.5600432054254652, 'Theta': 0.008816637915818056, 'Alpha': 0.9174577672945238, 'Sigma': 0.4713270309968676, 'Beta': 0.2274662772698942, 'Gamma': 1.3170389297249172}]
2024-06-03 16:26:46,541 [INFO] [{'Delta': -0.3620912712015467, 'Theta': -0.30713991344995406, 'Alpha': 0.7053237045263697, 'Sigma': 0.33090649869825817, 'Beta': 0.10483654841283536, 'Gamma': 1.0951748976205695}]
2024-06-03 16:26:49,577 [INFO] [{'Delta': -0.3198080237180543, 'Theta': -0.5235885019063575, 'Alpha': 0.6527318593924102, 'Sigma': 0.3431184542403623, 'Beta': 0.10388827361706647, 'Gamma': 1.041760226668856}]
2024-06-03 16:26:49,701 [INFO] [{'Delta': -0.2722850770984547, 'Theta': -0.7470701718998055, 'Alpha': 0.6304318879254632, 'Sigma': 0.3515067410314147, 'Beta': 0.09680771955784297, 'Gamma': 1.042611130926813}]
2024-06-03 16:26:50,588 [INFO] [{'Delta': -0.27546496507750334, 'Theta': -0.6244989976585977, 'Alpha': 0.7629844795258449, 'Sigma': 0.47854859328130317, 'Beta': 0.05455985385887364, 'Gamma': 0.9784399150366746}]
2024-06-03 16:26:51,605 [INFO] [{'Delta': -0.39249132969271516, 'Theta': -0.3300309669747557, 'Alpha': 0.9127180064095677, 'Sigma': 0.5087606711045843, 'Beta': 0.09936045335217322, 'Gamma': 1.032663146069672}]
2024-06-03 16:26:52,553 [INFO] [{'Delta': -0.4560417227024863, 'Theta': -0.3444954395895357, 'Alpha': 1.01917266593341, 'Sigma': 0.5233773269564307, 'Beta': 0.14120950632482043, 'Gamma': 1.1032648874367401}]
2024-06-03 16:26:53,559 [INFO] [{'Delta': -0.4106711961821631, 'Theta': -0.2955492076363753, 'Alpha': 0.932737331867931, 'Sigma': 0.5211263290747138, 'Beta': 0.12122981225852027, 'Gamma': 1.0449030651164248}]
2024-06-03 16:26:54,540 [INFO] [{'Delta': -0.44171860506185157, 'Theta': -0.3329752687936832, 'Alpha': 1.0070346893430282, 'Sigma': 0.5687887465293028, 'Beta': 0.1288082418523555, 'Gamma': 1.056512267234452}]
2024-06-03 16:26:57,562 [INFO] [{'Delta': -0.5377719306098891, 'Theta': -0.052045881649141056, 'Alpha': 1.0556984306067458, 'Sigma': 0.6772776784987635, 'Beta': 0.17622661312699026, 'Gamma': 1.1795932190855398}]
2024-06-03 16:26:57,633 [INFO] [{'Delta': -0.44277182324293635, 'Theta': 0.003895373331169493, 'Alpha': 1.0075148664625841, 'Sigma': 0.624514326190739, 'Beta': 0.09473483980410129, 'Gamma': 0.922160654721667}]
2024-06-03 16:26:58,718 [INFO] [{'Delta': -0.5534635163937551, 'Theta': 0.21182341759933773, 'Alpha': 1.0902872976131388, 'Sigma': 0.683222755699482, 'Beta': 0.16128438416453098, 'Gamma': 1.0693045869248448}]
2024-06-03 16:26:59,567 [INFO] [{'Delta': -0.49130163050497033, 'Theta': -0.02124803788540848, 'Alpha': 0.9630104041096172, 'Sigma': 0.6227678007340828, 'Beta': 0.15608879569412779, 'Gamma': 1.0358069351372259}]
2024-06-03 16:27:00,548 [INFO] [{'Delta': -0.6022132721790544, 'Theta': 0.053506581373711566, 'Alpha': 1.0545728809438681, 'Sigma': 0.7529271380162476, 'Beta': 0.25837243192262965, 'Gamma': 1.0996654577422722}]
2024-06-03 16:27:01,639 [INFO] [{'Delta': -0.6438645178259237, 'Theta': 0.08703833768055644, 'Alpha': 0.9845738931946555, 'Sigma': 0.7710671594409708, 'Beta': 0.3086473974090895, 'Gamma': 1.1939668051679093}]
2024-06-03 16:27:02,545 [INFO] [{'Delta': -0.6941283041559906, 'Theta': -0.07885620994491066, 'Alpha': 1.0448592782368924, 'Sigma': 0.8848694234818367, 'Beta': 0.3482344700997372, 'Gamma': 1.36399146575228}]
2024-06-03 16:27:03,577 [INFO] [{'Delta': -0.7813907502643893, 'Theta': -0.04697866849209, 'Alpha': 1.1247512900099537, 'Sigma': 0.9761921384779894, 'Beta': 0.4281660361201846, 'Gamma': 1.3768724117952829}]
2024-06-03 16:27:06,570 [INFO] [{'Delta': -0.8062373972889396, 'Theta': 0.22335287922461822, 'Alpha': 1.2099499170539927, 'Sigma': 0.9419463846251638, 'Beta': 0.4314227212241874, 'Gamma': 1.342224483597991}]
2024-06-03 16:27:06,642 [INFO] [{'Delta': -0.811183674268416, 'Theta': 0.16191370166614094, 'Alpha': 1.1587719774855019, 'Sigma': 1.0084602247333578, 'Beta': 0.4613494779227292, 'Gamma': 1.384579058858443}]
2024-06-03 16:27:07,575 [INFO] [{'Delta': -0.8960749435371587, 'Theta': 0.10475167269827426, 'Alpha': 1.211342074031281, 'Sigma': 1.1022215259513526, 'Beta': 0.519967491231722, 'Gamma': 1.6440022945785118}]
2024-06-03 16:27:08,543 [INFO] [{'Delta': -0.9758926492627719, 'Theta': 0.15738618513189548, 'Alpha': 1.1938561759281907, 'Sigma': 1.0904675972144313, 'Beta': 0.6063324780062619, 'Gamma': 1.8157193953540054}]
2024-06-03 16:27:09,556 [INFO] [{'Delta': -0.8605087004112284, 'Theta': 0.10672179645980094, 'Alpha': 1.0657047094337566, 'Sigma': 0.9910120879646942, 'Beta': 0.5474024625751421, 'Gamma': 1.5393323372412397}]
2024-06-03 16:27:10,551 [INFO] [{'Delta': -0.8653701501248642, 'Theta': 0.2163836354392815, 'Alpha': 0.969445345323102, 'Sigma': 0.9377244419592228, 'Beta': 0.5583189292104429, 'Gamma': 1.6065786773551904}]
2024-06-03 16:27:13,554 [INFO] [{'Delta': -0.8791766854269947, 'Theta': 0.12940509355669957, 'Alpha': 1.0491481587646518, 'Sigma': 0.9521645088739396, 'Beta': 0.5767830294733645, 'Gamma': 1.6007307225315643}]
2024-06-03 16:27:13,617 [INFO] [{'Delta': -0.8183662608324543, 'Theta': 0.348991064179513, 'Alpha': 0.9347455579781087, 'Sigma': 0.7916333749507182, 'Beta': 0.5174333688799336, 'Gamma': 1.499485605441725}, {'Delta': -0.8723608636996194, 'Theta': 0.3122600490561992, 'Alpha': 1.091434188740916, 'Sigma': 0.8943101618021246, 'Beta': 0.5236872539002916, 'Gamma': 1.541744656814042}]
2024-06-03 16:27:14,553 [INFO] [{'Delta': -0.8580708446522747, 'Theta': 0.40799008832859573, 'Alpha': 1.0692240052221067, 'Sigma': 1.04156572749693, 'Beta': 0.5184609243824376, 'Gamma': 1.3285630189986515}]
2024-06-03 16:27:16,359 [INFO] [{'Delta': -0.827322821456984, 'Theta': 0.25436009559391376, 'Alpha': 1.0313267039656986, 'Sigma': 0.9388038431234464, 'Beta': 0.5025198988092623, 'Gamma': 1.3945365932193514}]
2024-06-03 16:27:16,639 [INFO] [{'Delta': -0.8258431133682486, 'Theta': 0.12685286410434735, 'Alpha': 0.996711405049146, 'Sigma': 0.9624181670717994, 'Beta': 0.5301534194001651, 'Gamma': 1.4317437400357254}]
2024-06-03 16:27:17,651 [INFO] [{'Delta': -0.5353944010189814, 'Theta': -0.45666305247644967, 'Alpha': 0.8296890785688266, 'Sigma': 0.8608718408495388, 'Beta': 0.28795091546224627, 'Gamma': 1.197695450355912}]
2024-06-03 16:27:18,645 [INFO] [{'Delta': -0.5130655035612682, 'Theta': -0.660473319927974, 'Alpha': 0.7898323338167226, 'Sigma': 0.87740878594866, 'Beta': 0.2726536020482576, 'Gamma': 1.1938845016394535}]
2024-06-03 16:27:20,539 [ERROR] Task was destroyed but it is pending!
task: <Task cancelling name='Task-12' coro=<GuardianBLE.run_ble_record() running at /privat/studium/fhgr/neuroscience/hackathon-abdf-neuroscience/venv/lib/python3.11/site-packages/idun_guardian_sdk/guardian_ble.py:559> wait_for=<Future pending cb=[Task.task_wakeup()]> cb=[gather.<locals>._done_callback() at /usr/lib/python3.11/asyncio/tasks.py:764, gather.<locals>._done_callback() at /usr/lib/python3.11/asyncio/tasks.py:764]>
